[2022-10-08 09:00:09] local.INFO: 01ge4masjhy5e9sazcgvrcqwav is saved  
[2022-10-08 09:00:09] local.INFO: 01gdznc9wp31e6arqp1ddjprcp is saved  
[2022-10-08 12:37:14] local.ERROR: Undefined constant "intense" (View: /var/www/laravel/wit/resources/views/wit/room.blade.php) {"view":{"view":"/var/www/laravel/wit/resources/views/wit/room.blade.php","data":{"errors":"<pre class=sf-dump id=sf-dump-1364040530 data-indent-pad=\"  \"><span class=sf-dump-note>Illuminate\\Support\\ViewErrorBag</span> {<a class=sf-dump-ref>#424</a><samp data-depth=1 class=sf-dump-expanded>
  #<span class=sf-dump-protected title=\"Protected property\">bags</span>: []
</samp>}
</pre><script>Sfdump(\"sf-dump-1364040530\", {\"maxDepth\":3,\"maxStringLength\":160})</script>
","room_info":"<pre class=sf-dump id=sf-dump-103969437 data-indent-pad=\"  \"><span class=sf-dump-note>App\\Models\\Room</span> {<a class=sf-dump-ref>#1386</a><samp data-depth=1 class=sf-dump-expanded>
  +<span class=sf-dump-public title=\"Public property\">incrimenting</span>: <span class=sf-dump-const>false</span>
  #<span class=sf-dump-protected title=\"Protected property\">keyType</span>: \"<span class=sf-dump-str title=\"6 characters\">string</span>\"
  #<span class=sf-dump-protected title=\"Protected property\">guarded</span>: <span class=sf-dump-note>array:1</span> [<samp data-depth=2 class=sf-dump-compact>
    <span class=sf-dump-index>0</span> => \"<span class=sf-dump-str title=\"2 characters\">id</span>\"
  </samp>]
  #<span class=sf-dump-protected title=\"Protected property\">fillable</span>: <span class=sf-dump-note>array:4</span> [<samp data-depth=2 class=sf-dump-compact>
    <span class=sf-dump-index>0</span> => \"<span class=sf-dump-str title=\"5 characters\">title</span>\"
    <span class=sf-dump-index>1</span> => \"<span class=sf-dump-str title=\"11 characters\">description</span>\"
    <span class=sf-dump-index>2</span> => \"<span class=sf-dump-str title=\"8 characters\">password</span>\"
    <span class=sf-dump-index>3</span> => \"<span class=sf-dump-str title=\"9 characters\">posted_at</span>\"
  </samp>]
  #<span class=sf-dump-protected title=\"Protected property\">hidden</span>: <span class=sf-dump-note>array:1</span> [<samp data-depth=2 class=sf-dump-compact>
    <span class=sf-dump-index>0</span> => \"<span class=sf-dump-str title=\"8 characters\">password</span>\"
  </samp>]
  #<span class=sf-dump-protected title=\"Protected property\">casts</span>: []
  #<span class=sf-dump-protected title=\"Protected property\">keyIsUuid</span>: <span class=sf-dump-const>true</span>
  #<span class=sf-dump-protected title=\"Protected property\">uuidVersion</span>: <span class=sf-dump-num>4</span>
  +<span class=sf-dump-public title=\"Public property\">incrementing</span>: <span class=sf-dump-const>false</span>
  #<span class=sf-dump-protected title=\"Protected property\">connection</span>: \"<span class=sf-dump-str title=\"5 characters\">mysql</span>\"
  #<span class=sf-dump-protected title=\"Protected property\">table</span>: \"<span class=sf-dump-str title=\"5 characters\">rooms</span>\"
  #<span class=sf-dump-protected title=\"Protected property\">primaryKey</span>: \"<span class=sf-dump-str title=\"2 characters\">id</span>\"
  #<span class=sf-dump-protected title=\"Protected property\">with</span>: []
  #<span class=sf-dump-protected title=\"Protected property\">withCount</span>: []
  +<span class=sf-dump-public title=\"Public property\">preventsLazyLoading</span>: <span class=sf-dump-const>false</span>
  #<span class=sf-dump-protected title=\"Protected property\">perPage</span>: <span class=sf-dump-num>15</span>
  +<span class=sf-dump-public title=\"Public property\">exists</span>: <span class=sf-dump-const>true</span>
  +<span class=sf-dump-public title=\"Public property\">wasRecentlyCreated</span>: <span class=sf-dump-const>false</span>
  #<span class=sf-dump-protected title=\"Protected property\">escapeWhenCastingToString</span>: <span class=sf-dump-const>false</span>
  #<span class=sf-dump-protected title=\"Protected property\">attributes</span>: <span class=sf-dump-note>array:7</span> [<samp data-depth=2 class=sf-dump-compact>
    \"<span class=sf-dump-key>id</span>\" => \"<span class=sf-dump-str title=\"26 characters\">01getfq0crzwpvspef69ajzmfm</span>\"
    \"<span class=sf-dump-key>user_id</span>\" => \"<span class=sf-dump-str title=\"36 characters\">b559729e-28eb-4a05-bdca-2b2fe2da6ef2</span>\"
    \"<span class=sf-dump-key>title</span>\" => \"<span class=sf-dump-str title=\"12 characters\">&#12402;&#12425;&#12417;&#12365;&#12392;&#12450;&#12452;&#12487;&#12450;&#12398;&#36949;&#12356;</span>\"
    \"<span class=sf-dump-key>description</span>\" => \"\"\"
      <span class=sf-dump-str title=\"397 characters\">&#32032;&#26228;&#12425;&#12375;&#12356;&#12450;&#12452;&#12487;&#12450;&#12364;&#12402;&#12425;&#12417;&#12356;&#12383;&#12392;&#12356;&#12358;&#34920;&#29694;&#12399;&#12424;&#12367;&#29992;&#12356;&#12425;&#12428;&#12414;&#12377;&#12290;&#12371;&#12358;&#12375;&#12383;&#34920;&#29694;&#12434;&#35211;&#12427;&#12392;&#12289;&#12402;&#12425;&#12417;&#12365;&#12392;&#12450;&#12452;&#12487;&#12450;&#12399;&#21516;&#32681;&#12391;&#12354;&#12427;&#12363;&#12398;&#12424;&#12358;&#12394;&#21360;&#35937;&#12434;&#21463;&#12369;&#12414;&#12377;&#12364;&#12289;&#12371;&#12398;&#20001;&#32773;&#12395;&#12399;&#22823;&#12365;&#12394;&#36949;&#12356;&#12364;&#12354;&#12427;&#12290;&#12373;&#12425;&#12395;&#12300;&#24605;&#12356;&#12388;&#12365;&#12301;&#12392;&#12356;&#12358;&#35328;&#33865;&#12395;&#12418;&#21516;&#27096;&#12398;&#12371;&#12392;&#12364;&#35328;&#12360;&#12427;&#12398;&#12391;&#12289;&#12371;&#12428;&#12425;&#12398;&#35328;&#33865;&#12398;&#36949;&#12356;&#12434;&#26126;&#30906;&#12395;&#12375;&#12390;&#12362;&#12367;&#24517;&#35201;&#12364;&#12354;&#12426;&#12414;&#12377;&#12290;<span class=\"sf-dump-default sf-dump-ns\">\\
</span></span>
      <span class=sf-dump-str title=\"397 characters\">&#12402;&#12425;&#12417;&#12365;&#12420;&#24605;&#12356;&#12388;&#12365;&#12392;&#12356;&#12358;&#12398;&#12399;&#12289;&#12354;&#12427;&#26085;&#31361;&#28982;&#12420;&#12387;&#12390;&#26469;&#12427;&#12371;&#12392;&#12364;&#12354;&#12426;&#12414;&#12377;&#12290;&#12371;&#12428;&#12414;&#12391;&#12394;&#12363;&#12387;&#12383;&#30330;&#24819;&#12420;&#32068;&#12415;&#21512;&#12431;&#12379;&#12289;&#32771;&#12360;&#26041;&#12394;&#12393;&#12364;&#38957;&#12398;&#20013;&#12395;&#28263;&#12356;&#12390;&#12367;&#12427;&#12418;&#12398;&#12391;&#12289;&#12371;&#12398;&#26178;&#28857;&#12391;&#12399;&#25991;&#23383;&#36890;&#12426;&#12300;&#12402;&#12425;&#12417;&#12356;&#12383;&#12301;&#12300;&#24605;&#12356;&#12388;&#12356;&#12383;&#12301;&#12384;&#12369;&#12398;&#27573;&#38542;&#12391;&#12377;&#12290;&#12383;&#12392;&#12360;&#12381;&#12428;&#12364;&#30011;&#26399;&#30340;&#12394;&#12418;&#12398;&#12391;&#12354;&#12387;&#12383;&#12392;&#12375;&#12390;&#12418;&#20182;&#12398;&#20154;&#12364;&#29702;&#35299;&#12391;&#12365;&#12427;&#24418;&#12395;&#12394;&#12387;&#12390;&#12356;&#12394;&#12369;&#12428;&#12400;&#26412;&#20154;&#12364;&#24536;&#12428;&#12427;&#12414;&#12391;&#12398;&#23551;&#21629;&#12375;&#12363;&#12354;&#12426;&#12414;&#12379;&#12435;&#12290;&#23550;&#12375;&#12390;&#12289;&#12450;&#12452;&#12487;&#12450;&#12399;&#32771;&#12360;&#12388;&#12356;&#12383;&#12371;&#12392;&#12434;&#35542;&#29702;&#30340;&#12395;&#12414;&#12392;&#12417;&#12390;&#20182;&#20154;&#12395;&#20253;&#12360;&#12425;&#12428;&#12427;&#12392;&#12371;&#12429;&#12395;&#12414;&#12391;&#12502;&#12521;&#12483;&#12471;&#12517;&#12450;&#12483;&#12503;&#12373;&#12428;&#12383;&#12418;&#12398;&#12434;&#12356;&#12356;&#12414;&#12377;&#12290;&#12402;&#12425;&#12417;&#12365;&#12420;&#24605;&#12356;&#12388;&#12365;&#12434;&#20998;&#12363;&#12426;&#12420;&#12377;&#12367;&#12414;&#12392;&#12417;&#12390;&#20253;&#12360;&#12428;&#12400;&#12289;&#12381;&#12428;&#12364;&#12450;&#12452;&#12487;&#12450;&#12392;&#12394;&#12427;&#12431;&#12369;&#12391;&#12377;&#12290;</span>
      \"\"\"
    \"<span class=sf-dump-key>password</span>\" => \"<span class=sf-dump-str title=\"60 characters\">$2y$10$hd1gOFJyIXq6LxHUupz1..SSBDqJne4hV0aTbr9Ebzmb9NoODdpWK</span>\"
    \"<span class=sf-dump-key>created_at</span>\" => \"<span class=sf-dump-str title=\"19 characters\">2022-10-08 09:25:25</span>\"
    \"<span class=sf-dump-key>posted_at</span>\" => <span class=sf-dump-const>null</span>
  </samp>]
  #<span class=sf-dump-protected title=\"Protected property\">original</span>: <span class=sf-dump-note>array:7</span> [<samp data-depth=2 class=sf-dump-compact>
    \"<span class=sf-dump-key>id</span>\" => \"<span class=sf-dump-str title=\"26 characters\">01getfq0crzwpvspef69ajzmfm</span>\"
    \"<span class=sf-dump-key>user_id</span>\" => \"<span class=sf-dump-str title=\"36 characters\">b559729e-28eb-4a05-bdca-2b2fe2da6ef2</span>\"
    \"<span class=sf-dump-key>title</span>\" => \"<span class=sf-dump-str title=\"12 characters\">&#12402;&#12425;&#12417;&#12365;&#12392;&#12450;&#12452;&#12487;&#12450;&#12398;&#36949;&#12356;</span>\"
    \"<span class=sf-dump-key>description</span>\" => \"\"\"
      <span class=sf-dump-str title=\"397 characters\">&#32032;&#26228;&#12425;&#12375;&#12356;&#12450;&#12452;&#12487;&#12450;&#12364;&#12402;&#12425;&#12417;&#12356;&#12383;&#12392;&#12356;&#12358;&#34920;&#29694;&#12399;&#12424;&#12367;&#29992;&#12356;&#12425;&#12428;&#12414;&#12377;&#12290;&#12371;&#12358;&#12375;&#12383;&#34920;&#29694;&#12434;&#35211;&#12427;&#12392;&#12289;&#12402;&#12425;&#12417;&#12365;&#12392;&#12450;&#12452;&#12487;&#12450;&#12399;&#21516;&#32681;&#12391;&#12354;&#12427;&#12363;&#12398;&#12424;&#12358;&#12394;&#21360;&#35937;&#12434;&#21463;&#12369;&#12414;&#12377;&#12364;&#12289;&#12371;&#12398;&#20001;&#32773;&#12395;&#12399;&#22823;&#12365;&#12394;&#36949;&#12356;&#12364;&#12354;&#12427;&#12290;&#12373;&#12425;&#12395;&#12300;&#24605;&#12356;&#12388;&#12365;&#12301;&#12392;&#12356;&#12358;&#35328;&#33865;&#12395;&#12418;&#21516;&#27096;&#12398;&#12371;&#12392;&#12364;&#35328;&#12360;&#12427;&#12398;&#12391;&#12289;&#12371;&#12428;&#12425;&#12398;&#35328;&#33865;&#12398;&#36949;&#12356;&#12434;&#26126;&#30906;&#12395;&#12375;&#12390;&#12362;&#12367;&#24517;&#35201;&#12364;&#12354;&#12426;&#12414;&#12377;&#12290;<span class=\"sf-dump-default sf-dump-ns\">\\
</span></span>
      <span class=sf-dump-str title=\"397 characters\">&#12402;&#12425;&#12417;&#12365;&#12420;&#24605;&#12356;&#12388;&#12365;&#12392;&#12356;&#12358;&#12398;&#12399;&#12289;&#12354;&#12427;&#26085;&#31361;&#28982;&#12420;&#12387;&#12390;&#26469;&#12427;&#12371;&#12392;&#12364;&#12354;&#12426;&#12414;&#12377;&#12290;&#12371;&#12428;&#12414;&#12391;&#12394;&#12363;&#12387;&#12383;&#30330;&#24819;&#12420;&#32068;&#12415;&#21512;&#12431;&#12379;&#12289;&#32771;&#12360;&#26041;&#12394;&#12393;&#12364;&#38957;&#12398;&#20013;&#12395;&#28263;&#12356;&#12390;&#12367;&#12427;&#12418;&#12398;&#12391;&#12289;&#12371;&#12398;&#26178;&#28857;&#12391;&#12399;&#25991;&#23383;&#36890;&#12426;&#12300;&#12402;&#12425;&#12417;&#12356;&#12383;&#12301;&#12300;&#24605;&#12356;&#12388;&#12356;&#12383;&#12301;&#12384;&#12369;&#12398;&#27573;&#38542;&#12391;&#12377;&#12290;&#12383;&#12392;&#12360;&#12381;&#12428;&#12364;&#30011;&#26399;&#30340;&#12394;&#12418;&#12398;&#12391;&#12354;&#12387;&#12383;&#12392;&#12375;&#12390;&#12418;&#20182;&#12398;&#20154;&#12364;&#29702;&#35299;&#12391;&#12365;&#12427;&#24418;&#12395;&#12394;&#12387;&#12390;&#12356;&#12394;&#12369;&#12428;&#12400;&#26412;&#20154;&#12364;&#24536;&#12428;&#12427;&#12414;&#12391;&#12398;&#23551;&#21629;&#12375;&#12363;&#12354;&#12426;&#12414;&#12379;&#12435;&#12290;&#23550;&#12375;&#12390;&#12289;&#12450;&#12452;&#12487;&#12450;&#12399;&#32771;&#12360;&#12388;&#12356;&#12383;&#12371;&#12392;&#12434;&#35542;&#29702;&#30340;&#12395;&#12414;&#12392;&#12417;&#12390;&#20182;&#20154;&#12395;&#20253;&#12360;&#12425;&#12428;&#12427;&#12392;&#12371;&#12429;&#12395;&#12414;&#12391;&#12502;&#12521;&#12483;&#12471;&#12517;&#12450;&#12483;&#12503;&#12373;&#12428;&#12383;&#12418;&#12398;&#12434;&#12356;&#12356;&#12414;&#12377;&#12290;&#12402;&#12425;&#12417;&#12365;&#12420;&#24605;&#12356;&#12388;&#12365;&#12434;&#20998;&#12363;&#12426;&#12420;&#12377;&#12367;&#12414;&#12392;&#12417;&#12390;&#20253;&#12360;&#12428;&#12400;&#12289;&#12381;&#12428;&#12364;&#12450;&#12452;&#12487;&#12450;&#12392;&#12394;&#12427;&#12431;&#12369;&#12391;&#12377;&#12290;</span>
      \"\"\"
    \"<span class=sf-dump-key>password</span>\" => \"<span class=sf-dump-str title=\"60 characters\">$2y$10$hd1gOFJyIXq6LxHUupz1..SSBDqJne4hV0aTbr9Ebzmb9NoODdpWK</span>\"
    \"<span class=sf-dump-key>created_at</span>\" => \"<span class=sf-dump-str title=\"19 characters\">2022-10-08 09:25:25</span>\"
    \"<span class=sf-dump-key>posted_at</span>\" => <span class=sf-dump-const>null</span>
  </samp>]
  #<span class=sf-dump-protected title=\"Protected property\">changes</span>: []
  #<span class=sf-dump-protected title=\"Protected property\">classCastCache</span>: []
  #<span class=sf-dump-protected title=\"Protected property\">attributeCastCache</span>: []
  #<span class=sf-dump-protected title=\"Protected property\">dates</span>: []
  #<span class=sf-dump-protected title=\"Protected property\">dateFormat</span>: <span class=sf-dump-const>null</span>
  #<span class=sf-dump-protected title=\"Protected property\">appends</span>: []
  #<span class=sf-dump-protected title=\"Protected property\">dispatchesEvents</span>: []
  #<span class=sf-dump-protected title=\"Protected property\">observables</span>: []
  #<span class=sf-dump-protected title=\"Protected property\">relations</span>: <span class=sf-dump-note>array:2</span> [<samp data-depth=2 class=sf-dump-compact>
    \"<span class=sf-dump-key>user</span>\" => <span class=sf-dump-note title=\"App\\Models\\User
\"><span class=\"sf-dump-ellipsis sf-dump-ellipsis-note\">App\\Models</span><span class=\"sf-dump-ellipsis sf-dump-ellipsis-note\">\\</span>User</span> {<a class=sf-dump-ref>#1395</a><samp data-depth=3 class=sf-dump-compact>
      #<span class=sf-dump-protected title=\"Protected property\">guarded</span>: <span class=sf-dump-note>array:1</span> [ &#8230;1]
      #<span class=sf-dump-protected title=\"Protected property\">fillable</span>: <span class=sf-dump-note>array:7</span> [ &#8230;7]
      #<span class=sf-dump-protected title=\"Protected property\">hidden</span>: <span class=sf-dump-note>array:8</span> [ &#8230;8]
      #<span class=sf-dump-protected title=\"Protected property\">casts</span>: <span class=sf-dump-note>array:1</span> [ &#8230;1]
      #<span class=sf-dump-protected title=\"Protected property\">keyType</span>: \"<span class=sf-dump-str title=\"6 characters\">string</span>\"
      #<span class=sf-dump-protected title=\"Protected property\">keyIsUuid</span>: <span class=sf-dump-const>true</span>
      #<span class=sf-dump-protected title=\"Protected property\">uuidVersion</span>: <span class=sf-dump-num>4</span>
      +<span class=sf-dump-public title=\"Public property\">incrementing</span>: <span class=sf-dump-const>false</span>
      #<span class=sf-dump-protected title=\"Protected property\">connection</span>: \"<span class=sf-dump-str title=\"5 characters\">mysql</span>\"
      #<span class=sf-dump-protected title=\"Protected property\">table</span>: \"<span class=sf-dump-str title=\"5 characters\">users</span>\"
      #<span class=sf-dump-protected title=\"Protected property\">primaryKey</span>: \"<span class=sf-dump-str title=\"2 characters\">id</span>\"
      #<span class=sf-dump-protected title=\"Protected property\">with</span>: []
      #<span class=sf-dump-protected title=\"Protected property\">withCount</span>: []
      +<span class=sf-dump-public title=\"Public property\">preventsLazyLoading</span>: <span class=sf-dump-const>false</span>
      #<span class=sf-dump-protected title=\"Protected property\">perPage</span>: <span class=sf-dump-num>15</span>
      +<span class=sf-dump-public title=\"Public property\">exists</span>: <span class=sf-dump-const>true</span>
      +<span class=sf-dump-public title=\"Public property\">wasRecentlyCreated</span>: <span class=sf-dump-const>false</span>
      #<span class=sf-dump-protected title=\"Protected property\">escapeWhenCastingToString</span>: <span class=sf-dump-const>false</span>
      #<span class=sf-dump-protected title=\"Protected property\">attributes</span>: <span class=sf-dump-note>array:3</span> [ &#8230;3]
      #<span class=sf-dump-protected title=\"Protected property\">original</span>: <span class=sf-dump-note>array:3</span> [ &#8230;3]
      #<span class=sf-dump-protected title=\"Protected property\">changes</span>: []
      #<span class=sf-dump-protected title=\"Protected property\">classCastCache</span>: []
      #<span class=sf-dump-protected title=\"Protected property\">attributeCastCache</span>: []
      #<span class=sf-dump-protected title=\"Protected property\">dates</span>: []
      #<span class=sf-dump-protected title=\"Protected property\">dateFormat</span>: <span class=sf-dump-const>null</span>
      #<span class=sf-dump-protected title=\"Protected property\">appends</span>: []
      #<span class=sf-dump-protected title=\"Protected property\">dispatchesEvents</span>: []
      #<span class=sf-dump-protected title=\"Protected property\">observables</span>: []
      #<span class=sf-dump-protected title=\"Protected property\">relations</span>: []
      #<span class=sf-dump-protected title=\"Protected property\">touches</span>: []
      +<span class=sf-dump-public title=\"Public property\">timestamps</span>: <span class=sf-dump-const>true</span>
      #<span class=sf-dump-protected title=\"Protected property\">visible</span>: []
      #<span class=sf-dump-protected title=\"Protected property\">rememberTokenName</span>: \"<span class=sf-dump-str title=\"14 characters\">remember_token</span>\"
      #<span class=sf-dump-protected title=\"Protected property\">accessToken</span>: <span class=sf-dump-const>null</span>
    </samp>}
    \"<span class=sf-dump-key>tags</span>\" => <span class=sf-dump-note title=\"Illuminate\\Database\\Eloquent\\Collection
\"><span class=\"sf-dump-ellipsis sf-dump-ellipsis-note\">Illuminate\\Database\\Eloquent</span><span class=\"sf-dump-ellipsis sf-dump-ellipsis-note\">\\</span>Collection</span> {<a class=sf-dump-ref>#1387</a><samp data-depth=3 class=sf-dump-compact>
      #<span class=sf-dump-protected title=\"Protected property\">items</span>: <span class=sf-dump-note>array:3</span> [ &#8230;3]
      #<span class=sf-dump-protected title=\"Protected property\">escapeWhenCastingToString</span>: <span class=sf-dump-const>false</span>
    </samp>}
  </samp>]
  #<span class=sf-dump-protected title=\"Protected property\">touches</span>: []
  +<span class=sf-dump-public title=\"Public property\">timestamps</span>: <span class=sf-dump-const>true</span>
  #<span class=sf-dump-protected title=\"Protected property\">visible</span>: []
</samp>}
</pre><script>Sfdump(\"sf-dump-103969437\", {\"maxDepth\":3,\"maxStringLength\":160})</script>
","count_image_data":"<pre class=sf-dump id=sf-dump-397900590 data-indent-pad=\"  \"><span class=sf-dump-num>7</span>
</pre><script>Sfdump(\"sf-dump-397900590\", {\"maxDepth\":3,\"maxStringLength\":160})</script>
","auth_user":"<pre class=sf-dump id=sf-dump-711197594 data-indent-pad=\"  \"><span class=sf-dump-note>App\\Models\\User</span> {<a class=sf-dump-ref>#1120</a><samp data-depth=1 class=sf-dump-expanded>
  #<span class=sf-dump-protected title=\"Protected property\">guarded</span>: <span class=sf-dump-note>array:1</span> [<samp data-depth=2 class=sf-dump-compact>
    <span class=sf-dump-index>0</span> => \"<span class=sf-dump-str title=\"2 characters\">id</span>\"
  </samp>]
  #<span class=sf-dump-protected title=\"Protected property\">fillable</span>: <span class=sf-dump-note>array:7</span> [<samp data-depth=2 class=sf-dump-compact>
    <span class=sf-dump-index>0</span> => \"<span class=sf-dump-str title=\"4 characters\">name</span>\"
    <span class=sf-dump-index>1</span> => \"<span class=sf-dump-str title=\"5 characters\">email</span>\"
    <span class=sf-dump-index>2</span> => \"<span class=sf-dump-str title=\"8 characters\">password</span>\"
    <span class=sf-dump-index>3</span> => \"<span class=sf-dump-str title=\"15 characters\">profile_message</span>\"
    <span class=sf-dump-index>4</span> => \"<span class=sf-dump-str title=\"13 characters\">profile_image</span>\"
    <span class=sf-dump-index>5</span> => \"<span class=sf-dump-str title=\"17 characters\">email_verified_at</span>\"
    <span class=sf-dump-index>6</span> => \"<span class=sf-dump-str title=\"20 characters\">email_verified_token</span>\"
  </samp>]
  #<span class=sf-dump-protected title=\"Protected property\">hidden</span>: <span class=sf-dump-note>array:8</span> [<samp data-depth=2 class=sf-dump-compact>
    <span class=sf-dump-index>0</span> => \"<span class=sf-dump-str title=\"5 characters\">email</span>\"
    <span class=sf-dump-index>1</span> => \"<span class=sf-dump-str title=\"17 characters\">email_verified_at</span>\"
    <span class=sf-dump-index>2</span> => \"<span class=sf-dump-str title=\"8 characters\">password</span>\"
    <span class=sf-dump-index>3</span> => \"<span class=sf-dump-str title=\"14 characters\">remember_token</span>\"
    <span class=sf-dump-index>4</span> => \"<span class=sf-dump-str title=\"15 characters\">profile_message</span>\"
    <span class=sf-dump-index>5</span> => \"<span class=sf-dump-str title=\"10 characters\">created_at</span>\"
    <span class=sf-dump-index>6</span> => \"<span class=sf-dump-str title=\"10 characters\">updated_at</span>\"
    <span class=sf-dump-index>7</span> => \"<span class=sf-dump-str title=\"10 characters\">deleted_at</span>\"
  </samp>]
  #<span class=sf-dump-protected title=\"Protected property\">casts</span>: <span class=sf-dump-note>array:1</span> [<samp data-depth=2 class=sf-dump-compact>
    \"<span class=sf-dump-key>email_verified_at</span>\" => \"<span class=sf-dump-str title=\"8 characters\">datetime</span>\"
  </samp>]
  #<span class=sf-dump-protected title=\"Protected property\">keyType</span>: \"<span class=sf-dump-str title=\"6 characters\">string</span>\"
  #<span class=sf-dump-protected title=\"Protected property\">keyIsUuid</span>: <span class=sf-dump-const>true</span>
  #<span class=sf-dump-protected title=\"Protected property\">uuidVersion</span>: <span class=sf-dump-num>4</span>
  +<span class=sf-dump-public title=\"Public property\">incrementing</span>: <span class=sf-dump-const>false</span>
  #<span class=sf-dump-protected title=\"Protected property\">connection</span>: \"<span class=sf-dump-str title=\"5 characters\">mysql</span>\"
  #<span class=sf-dump-protected title=\"Protected property\">table</span>: \"<span class=sf-dump-str title=\"5 characters\">users</span>\"
  #<span class=sf-dump-protected title=\"Protected property\">primaryKey</span>: \"<span class=sf-dump-str title=\"2 characters\">id</span>\"
  #<span class=sf-dump-protected title=\"Protected property\">with</span>: []
  #<span class=sf-dump-protected title=\"Protected property\">withCount</span>: []
  +<span class=sf-dump-public title=\"Public property\">preventsLazyLoading</span>: <span class=sf-dump-const>false</span>
  #<span class=sf-dump-protected title=\"Protected property\">perPage</span>: <span class=sf-dump-num>15</span>
  +<span class=sf-dump-public title=\"Public property\">exists</span>: <span class=sf-dump-const>true</span>
  +<span class=sf-dump-public title=\"Public property\">wasRecentlyCreated</span>: <span class=sf-dump-const>false</span>
  #<span class=sf-dump-protected title=\"Protected property\">escapeWhenCastingToString</span>: <span class=sf-dump-const>false</span>
  #<span class=sf-dump-protected title=\"Protected property\">attributes</span>: <span class=sf-dump-note>array:12</span> [<samp data-depth=2 class=sf-dump-compact>
    \"<span class=sf-dump-key>id</span>\" => \"<span class=sf-dump-str title=\"36 characters\">b559729e-28eb-4a05-bdca-2b2fe2da6ef2</span>\"
    \"<span class=sf-dump-key>name</span>\" => \"<span class=sf-dump-str title=\"5 characters\">David</span>\"
    \"<span class=sf-dump-key>email</span>\" => \"<span class=sf-dump-str title=\"21 characters\">haruki21789@gmail.com</span>\"
    \"<span class=sf-dump-key>email_verified_at</span>\" => \"<span class=sf-dump-str title=\"19 characters\">2022-09-27 23:21:08</span>\"
    \"<span class=sf-dump-key>email_verified_token</span>\" => \"<span class=sf-dump-str title=\"28 characters\">aGFydWtpMjE3ODlAZ21haWwuY29t</span>\"
    \"<span class=sf-dump-key>status</span>\" => <span class=sf-dump-num>2</span>
    \"<span class=sf-dump-key>password</span>\" => \"<span class=sf-dump-str title=\"60 characters\">$2y$10$nhn7UBkR5cgf8VSgapa4g.THRcqNOtirhmn37JJHyePgAh854Ig9.</span>\"
    \"<span class=sf-dump-key>remember_token</span>\" => \"<span class=sf-dump-str title=\"60 characters\">CZCNAeuXIzrKTzPJ8HIrTtrlLJ3eNkMWSqEa4B6hSRZHrFhgpwIX2fAx3Xr9</span>\"
    \"<span class=sf-dump-key>profile_message</span>\" => \"\"\"
      <span class=sf-dump-str title=\"29 characters\">&#12371;&#12435;&#12395;&#12385;&#12399;&#65281;&#12486;&#12473;&#12488;&#12450;&#12459;&#12454;&#12531;&#12488;&#12391;&#12377;&#12290;<span class=\"sf-dump-default sf-dump-ns\">\\
</span></span>
      <span class=sf-dump-str title=\"29 characters\">&#23452;&#12375;&#12367;&#12362;&#39000;&#12356;&#12375;&#12414;&#12540;&#12377;</span>
      \"\"\"
    \"<span class=sf-dump-key>profile_image</span>\" => \"<span class=sf-dump-str title=\"76 characters\">userImages/secondary:b559729e-28eb-4a05-bdca-2b2fe2da6ef2/profile_image.webp</span>\"
    \"<span class=sf-dump-key>created_at</span>\" => \"<span class=sf-dump-str title=\"19 characters\">2022-09-27 23:20:56</span>\"
    \"<span class=sf-dump-key>updated_at</span>\" => \"<span class=sf-dump-str title=\"19 characters\">2022-10-08 10:53:14</span>\"
  </samp>]
  #<span class=sf-dump-protected title=\"Protected property\">original</span>: <span class=sf-dump-note>array:12</span> [<samp data-depth=2 class=sf-dump-compact>
    \"<span class=sf-dump-key>id</span>\" => \"<span class=sf-dump-str title=\"36 characters\">b559729e-28eb-4a05-bdca-2b2fe2da6ef2</span>\"
    \"<span class=sf-dump-key>name</span>\" => \"<span class=sf-dump-str title=\"5 characters\">David</span>\"
    \"<span class=sf-dump-key>email</span>\" => \"<span class=sf-dump-str title=\"21 characters\">haruki21789@gmail.com</span>\"
    \"<span class=sf-dump-key>email_verified_at</span>\" => \"<span class=sf-dump-str title=\"19 characters\">2022-09-27 23:21:08</span>\"
    \"<span class=sf-dump-key>email_verified_token</span>\" => \"<span class=sf-dump-str title=\"28 characters\">aGFydWtpMjE3ODlAZ21haWwuY29t</span>\"
    \"<span class=sf-dump-key>status</span>\" => <span class=sf-dump-num>2</span>
    \"<span class=sf-dump-key>password</span>\" => \"<span class=sf-dump-str title=\"60 characters\">$2y$10$nhn7UBkR5cgf8VSgapa4g.THRcqNOtirhmn37JJHyePgAh854Ig9.</span>\"
    \"<span class=sf-dump-key>remember_token</span>\" => \"<span class=sf-dump-str title=\"60 characters\">CZCNAeuXIzrKTzPJ8HIrTtrlLJ3eNkMWSqEa4B6hSRZHrFhgpwIX2fAx3Xr9</span>\"
    \"<span class=sf-dump-key>profile_message</span>\" => \"\"\"
      <span class=sf-dump-str title=\"29 characters\">&#12371;&#12435;&#12395;&#12385;&#12399;&#65281;&#12486;&#12473;&#12488;&#12450;&#12459;&#12454;&#12531;&#12488;&#12391;&#12377;&#12290;<span class=\"sf-dump-default sf-dump-ns\">\\
</span></span>
      <span class=sf-dump-str title=\"29 characters\">&#23452;&#12375;&#12367;&#12362;&#39000;&#12356;&#12375;&#12414;&#12540;&#12377;</span>
      \"\"\"
    \"<span class=sf-dump-key>profile_image</span>\" => \"<span class=sf-dump-str title=\"76 characters\">userImages/secondary:b559729e-28eb-4a05-bdca-2b2fe2da6ef2/profile_image.webp</span>\"
    \"<span class=sf-dump-key>created_at</span>\" => \"<span class=sf-dump-str title=\"19 characters\">2022-09-27 23:20:56</span>\"
    \"<span class=sf-dump-key>updated_at</span>\" => \"<span class=sf-dump-str title=\"19 characters\">2022-10-08 10:53:14</span>\"
  </samp>]
  #<span class=sf-dump-protected title=\"Protected property\">changes</span>: []
  #<span class=sf-dump-protected title=\"Protected property\">classCastCache</span>: []
  #<span class=sf-dump-protected title=\"Protected property\">attributeCastCache</span>: []
  #<span class=sf-dump-protected title=\"Protected property\">dates</span>: []
  #<span class=sf-dump-protected title=\"Protected property\">dateFormat</span>: <span class=sf-dump-const>null</span>
  #<span class=sf-dump-protected title=\"Protected property\">appends</span>: []
  #<span class=sf-dump-protected title=\"Protected property\">dispatchesEvents</span>: []
  #<span class=sf-dump-protected title=\"Protected property\">observables</span>: []
  #<span class=sf-dump-protected title=\"Protected property\">relations</span>: []
  #<span class=sf-dump-protected title=\"Protected property\">touches</span>: []
  +<span class=sf-dump-public title=\"Public property\">timestamps</span>: <span class=sf-dump-const>true</span>
  #<span class=sf-dump-protected title=\"Protected property\">visible</span>: []
  #<span class=sf-dump-protected title=\"Protected property\">rememberTokenName</span>: \"<span class=sf-dump-str title=\"14 characters\">remember_token</span>\"
  #<span class=sf-dump-protected title=\"Protected property\">accessToken</span>: <span class=sf-dump-const>null</span>
</samp>}
</pre><script>Sfdump(\"sf-dump-711197594\", {\"maxDepth\":3,\"maxStringLength\":160})</script>
","expired_time_left":"<pre class=sf-dump id=sf-dump-1823089082 data-indent-pad=\"  \"><span class=sf-dump-num>164</span>
</pre><script>Sfdump(\"sf-dump-1823089082\", {\"maxDepth\":3,\"maxStringLength\":160})</script>
"}},"userId":"b559729e-28eb-4a05-bdca-2b2fe2da6ef2","exception":"[object] (Facade\\Ignition\\Exceptions\\ViewException(code: 0): Undefined constant \"intense\" (View: /var/www/laravel/wit/resources/views/wit/room.blade.php) at /var/www/laravel/wit/resources/views/wit/room.blade.php:16)
[stacktrace]
#0 /var/www/laravel/wit/vendor/laravel/framework/src/Illuminate/Filesystem/Filesystem.php(107): require()
#1 /var/www/laravel/wit/vendor/laravel/framework/src/Illuminate/Filesystem/Filesystem.php(108): Illuminate\\Filesystem\\Filesystem::Illuminate\\Filesystem\\{closure}()
#2 /var/www/laravel/wit/vendor/laravel/framework/src/Illuminate/View/Engines/PhpEngine.php(58): Illuminate\\Filesystem\\Filesystem->getRequire('/var/www/larave...', Array)
#3 /var/www/laravel/wit/vendor/laravel/framework/src/Illuminate/View/Engines/CompilerEngine.php(61): Illuminate\\View\\Engines\\PhpEngine->evaluatePath('/var/www/larave...', Array)
#4 /var/www/laravel/wit/vendor/facade/ignition/src/Views/Engines/CompilerEngine.php(37): Illuminate\\View\\Engines\\CompilerEngine->get('/var/www/larave...', Array)
#5 /var/www/laravel/wit/vendor/laravel/framework/src/Illuminate/View/View.php(139): Facade\\Ignition\\Views\\Engines\\CompilerEngine->get('/var/www/larave...', Array)
#6 /var/www/laravel/wit/vendor/laravel/framework/src/Illuminate/View/View.php(122): Illuminate\\View\\View->getContents()
#7 /var/www/laravel/wit/vendor/laravel/framework/src/Illuminate/View/View.php(91): Illuminate\\View\\View->renderContents()
#8 /var/www/laravel/wit/vendor/laravel/framework/src/Illuminate/Http/Response.php(69): Illuminate\\View\\View->render()
#9 /var/www/laravel/wit/vendor/laravel/framework/src/Illuminate/Http/Response.php(35): Illuminate\\Http\\Response->setContent(Object(Illuminate\\View\\View))
#10 /var/www/laravel/wit/vendor/laravel/framework/src/Illuminate/Routing/Router.php(820): Illuminate\\Http\\Response->__construct(Object(Illuminate\\View\\View), 200, Array)
#11 /var/www/laravel/wit/vendor/laravel/framework/src/Illuminate/Routing/Router.php(789): Illuminate\\Routing\\Router::toResponse(Object(Illuminate\\Http\\Request), Object(Illuminate\\View\\View))
#12 /var/www/laravel/wit/vendor/laravel/framework/src/Illuminate/Routing/Router.php(721): Illuminate\\Routing\\Router->prepareResponse(Object(Illuminate\\Http\\Request), Object(Illuminate\\View\\View))
#13 /var/www/laravel/wit/vendor/laravel/framework/src/Illuminate/Pipeline/Pipeline.php(128): Illuminate\\Routing\\Router->Illuminate\\Routing\\{closure}(Object(Illuminate\\Http\\Request))
#14 /var/www/laravel/wit/vendor/laravel/framework/src/Illuminate/Routing/Middleware/SubstituteBindings.php(50): Illuminate\\Pipeline\\Pipeline->Illuminate\\Pipeline\\{closure}(Object(Illuminate\\Http\\Request))
#15 /var/www/laravel/wit/vendor/laravel/framework/src/Illuminate/Pipeline/Pipeline.php(167): Illuminate\\Routing\\Middleware\\SubstituteBindings->handle(Object(Illuminate\\Http\\Request), Object(Closure))
#16 /var/www/laravel/wit/vendor/laravel/framework/src/Illuminate/Auth/Middleware/Authenticate.php(44): Illuminate\\Pipeline\\Pipeline->Illuminate\\Pipeline\\{closure}(Object(Illuminate\\Http\\Request))
#17 /var/www/laravel/wit/vendor/laravel/framework/src/Illuminate/Pipeline/Pipeline.php(167): Illuminate\\Auth\\Middleware\\Authenticate->handle(Object(Illuminate\\Http\\Request), Object(Closure))
#18 /var/www/laravel/wit/vendor/laravel/framework/src/Illuminate/Foundation/Http/Middleware/VerifyCsrfToken.php(78): Illuminate\\Pipeline\\Pipeline->Illuminate\\Pipeline\\{closure}(Object(Illuminate\\Http\\Request))
#19 /var/www/laravel/wit/vendor/laravel/framework/src/Illuminate/Pipeline/Pipeline.php(167): Illuminate\\Foundation\\Http\\Middleware\\VerifyCsrfToken->handle(Object(Illuminate\\Http\\Request), Object(Closure))
#20 /var/www/laravel/wit/vendor/laravel/framework/src/Illuminate/View/Middleware/ShareErrorsFromSession.php(49): Illuminate\\Pipeline\\Pipeline->Illuminate\\Pipeline\\{closure}(Object(Illuminate\\Http\\Request))
#21 /var/www/laravel/wit/vendor/laravel/framework/src/Illuminate/Pipeline/Pipeline.php(167): Illuminate\\View\\Middleware\\ShareErrorsFromSession->handle(Object(Illuminate\\Http\\Request), Object(Closure))
#22 /var/www/laravel/wit/vendor/laravel/framework/src/Illuminate/Session/Middleware/StartSession.php(121): Illuminate\\Pipeline\\Pipeline->Illuminate\\Pipeline\\{closure}(Object(Illuminate\\Http\\Request))
#23 /var/www/laravel/wit/vendor/laravel/framework/src/Illuminate/Session/Middleware/StartSession.php(64): Illuminate\\Session\\Middleware\\StartSession->handleStatefulRequest(Object(Illuminate\\Http\\Request), Object(Illuminate\\Session\\Store), Object(Closure))
#24 /var/www/laravel/wit/vendor/laravel/framework/src/Illuminate/Pipeline/Pipeline.php(167): Illuminate\\Session\\Middleware\\StartSession->handle(Object(Illuminate\\Http\\Request), Object(Closure))
#25 /var/www/laravel/wit/vendor/laravel/framework/src/Illuminate/Cookie/Middleware/AddQueuedCookiesToResponse.php(37): Illuminate\\Pipeline\\Pipeline->Illuminate\\Pipeline\\{closure}(Object(Illuminate\\Http\\Request))
#26 /var/www/laravel/wit/vendor/laravel/framework/src/Illuminate/Pipeline/Pipeline.php(167): Illuminate\\Cookie\\Middleware\\AddQueuedCookiesToResponse->handle(Object(Illuminate\\Http\\Request), Object(Closure))
#27 /var/www/laravel/wit/vendor/laravel/framework/src/Illuminate/Cookie/Middleware/EncryptCookies.php(67): Illuminate\\Pipeline\\Pipeline->Illuminate\\Pipeline\\{closure}(Object(Illuminate\\Http\\Request))
#28 /var/www/laravel/wit/vendor/laravel/framework/src/Illuminate/Pipeline/Pipeline.php(167): Illuminate\\Cookie\\Middleware\\EncryptCookies->handle(Object(Illuminate\\Http\\Request), Object(Closure))
#29 /var/www/laravel/wit/vendor/laravel/framework/src/Illuminate/Pipeline/Pipeline.php(103): Illuminate\\Pipeline\\Pipeline->Illuminate\\Pipeline\\{closure}(Object(Illuminate\\Http\\Request))
#30 /var/www/laravel/wit/vendor/laravel/framework/src/Illuminate/Routing/Router.php(723): Illuminate\\Pipeline\\Pipeline->then(Object(Closure))
#31 /var/www/laravel/wit/vendor/laravel/framework/src/Illuminate/Routing/Router.php(698): Illuminate\\Routing\\Router->runRouteWithinStack(Object(Illuminate\\Routing\\Route), Object(Illuminate\\Http\\Request))
#32 /var/www/laravel/wit/vendor/laravel/framework/src/Illuminate/Routing/Router.php(662): Illuminate\\Routing\\Router->runRoute(Object(Illuminate\\Http\\Request), Object(Illuminate\\Routing\\Route))
#33 /var/www/laravel/wit/vendor/laravel/framework/src/Illuminate/Routing/Router.php(651): Illuminate\\Routing\\Router->dispatchToRoute(Object(Illuminate\\Http\\Request))
#34 /var/www/laravel/wit/vendor/laravel/framework/src/Illuminate/Foundation/Http/Kernel.php(167): Illuminate\\Routing\\Router->dispatch(Object(Illuminate\\Http\\Request))
#35 /var/www/laravel/wit/vendor/laravel/framework/src/Illuminate/Pipeline/Pipeline.php(128): Illuminate\\Foundation\\Http\\Kernel->Illuminate\\Foundation\\Http\\{closure}(Object(Illuminate\\Http\\Request))
#36 /var/www/laravel/wit/vendor/laravel/framework/src/Illuminate/Foundation/Http/Middleware/TransformsRequest.php(21): Illuminate\\Pipeline\\Pipeline->Illuminate\\Pipeline\\{closure}(Object(Illuminate\\Http\\Request))
#37 /var/www/laravel/wit/vendor/laravel/framework/src/Illuminate/Foundation/Http/Middleware/ConvertEmptyStringsToNull.php(31): Illuminate\\Foundation\\Http\\Middleware\\TransformsRequest->handle(Object(Illuminate\\Http\\Request), Object(Closure))
#38 /var/www/laravel/wit/vendor/laravel/framework/src/Illuminate/Pipeline/Pipeline.php(167): Illuminate\\Foundation\\Http\\Middleware\\ConvertEmptyStringsToNull->handle(Object(Illuminate\\Http\\Request), Object(Closure))
#39 /var/www/laravel/wit/vendor/laravel/framework/src/Illuminate/Foundation/Http/Middleware/TransformsRequest.php(21): Illuminate\\Pipeline\\Pipeline->Illuminate\\Pipeline\\{closure}(Object(Illuminate\\Http\\Request))
#40 /var/www/laravel/wit/vendor/laravel/framework/src/Illuminate/Foundation/Http/Middleware/TrimStrings.php(40): Illuminate\\Foundation\\Http\\Middleware\\TransformsRequest->handle(Object(Illuminate\\Http\\Request), Object(Closure))
#41 /var/www/laravel/wit/vendor/laravel/framework/src/Illuminate/Pipeline/Pipeline.php(167): Illuminate\\Foundation\\Http\\Middleware\\TrimStrings->handle(Object(Illuminate\\Http\\Request), Object(Closure))
#42 /var/www/laravel/wit/vendor/laravel/framework/src/Illuminate/Foundation/Http/Middleware/ValidatePostSize.php(27): Illuminate\\Pipeline\\Pipeline->Illuminate\\Pipeline\\{closure}(Object(Illuminate\\Http\\Request))
#43 /var/www/laravel/wit/vendor/laravel/framework/src/Illuminate/Pipeline/Pipeline.php(167): Illuminate\\Foundation\\Http\\Middleware\\ValidatePostSize->handle(Object(Illuminate\\Http\\Request), Object(Closure))
#44 /var/www/laravel/wit/vendor/laravel/framework/src/Illuminate/Foundation/Http/Middleware/PreventRequestsDuringMaintenance.php(86): Illuminate\\Pipeline\\Pipeline->Illuminate\\Pipeline\\{closure}(Object(Illuminate\\Http\\Request))
#45 /var/www/laravel/wit/vendor/laravel/framework/src/Illuminate/Pipeline/Pipeline.php(167): Illuminate\\Foundation\\Http\\Middleware\\PreventRequestsDuringMaintenance->handle(Object(Illuminate\\Http\\Request), Object(Closure))
#46 /var/www/laravel/wit/vendor/fruitcake/laravel-cors/src/HandleCors.php(38): Illuminate\\Pipeline\\Pipeline->Illuminate\\Pipeline\\{closure}(Object(Illuminate\\Http\\Request))
#47 /var/www/laravel/wit/vendor/laravel/framework/src/Illuminate/Pipeline/Pipeline.php(167): Fruitcake\\Cors\\HandleCors->handle(Object(Illuminate\\Http\\Request), Object(Closure))
#48 /var/www/laravel/wit/vendor/laravel/framework/src/Illuminate/Http/Middleware/TrustProxies.php(39): Illuminate\\Pipeline\\Pipeline->Illuminate\\Pipeline\\{closure}(Object(Illuminate\\Http\\Request))
#49 /var/www/laravel/wit/vendor/laravel/framework/src/Illuminate/Pipeline/Pipeline.php(167): Illuminate\\Http\\Middleware\\TrustProxies->handle(Object(Illuminate\\Http\\Request), Object(Closure))
#50 /var/www/laravel/wit/vendor/laravel/framework/src/Illuminate/Pipeline/Pipeline.php(103): Illuminate\\Pipeline\\Pipeline->Illuminate\\Pipeline\\{closure}(Object(Illuminate\\Http\\Request))
#51 /var/www/laravel/wit/vendor/laravel/framework/src/Illuminate/Foundation/Http/Kernel.php(142): Illuminate\\Pipeline\\Pipeline->then(Object(Closure))
#52 /var/www/laravel/wit/vendor/laravel/framework/src/Illuminate/Foundation/Http/Kernel.php(111): Illuminate\\Foundation\\Http\\Kernel->sendRequestThroughRouter(Object(Illuminate\\Http\\Request))
#53 /var/www/laravel/wit/public/index.php(52): Illuminate\\Foundation\\Http\\Kernel->handle(Object(Illuminate\\Http\\Request))
#54 {main}

[previous exception] [object] (Error(code: 0): Undefined constant \"intense\" at /var/www/laravel/wit/storage/framework/views/a140c56b6106c57831c7ffec28070068bedff45b.php:16)
[stacktrace]
#0 /var/www/laravel/wit/vendor/laravel/framework/src/Illuminate/Filesystem/Filesystem.php(107): require()
#1 /var/www/laravel/wit/vendor/laravel/framework/src/Illuminate/Filesystem/Filesystem.php(108): Illuminate\\Filesystem\\Filesystem::Illuminate\\Filesystem\\{closure}()
#2 /var/www/laravel/wit/vendor/laravel/framework/src/Illuminate/View/Engines/PhpEngine.php(58): Illuminate\\Filesystem\\Filesystem->getRequire('/var/www/larave...', Array)
#3 /var/www/laravel/wit/vendor/laravel/framework/src/Illuminate/View/Engines/CompilerEngine.php(61): Illuminate\\View\\Engines\\PhpEngine->evaluatePath('/var/www/larave...', Array)
#4 /var/www/laravel/wit/vendor/facade/ignition/src/Views/Engines/CompilerEngine.php(37): Illuminate\\View\\Engines\\CompilerEngine->get('/var/www/larave...', Array)
#5 /var/www/laravel/wit/vendor/laravel/framework/src/Illuminate/View/View.php(139): Facade\\Ignition\\Views\\Engines\\CompilerEngine->get('/var/www/larave...', Array)
#6 /var/www/laravel/wit/vendor/laravel/framework/src/Illuminate/View/View.php(122): Illuminate\\View\\View->getContents()
#7 /var/www/laravel/wit/vendor/laravel/framework/src/Illuminate/View/View.php(91): Illuminate\\View\\View->renderContents()
#8 /var/www/laravel/wit/vendor/laravel/framework/src/Illuminate/Http/Response.php(69): Illuminate\\View\\View->render()
#9 /var/www/laravel/wit/vendor/laravel/framework/src/Illuminate/Http/Response.php(35): Illuminate\\Http\\Response->setContent(Object(Illuminate\\View\\View))
#10 /var/www/laravel/wit/vendor/laravel/framework/src/Illuminate/Routing/Router.php(820): Illuminate\\Http\\Response->__construct(Object(Illuminate\\View\\View), 200, Array)
#11 /var/www/laravel/wit/vendor/laravel/framework/src/Illuminate/Routing/Router.php(789): Illuminate\\Routing\\Router::toResponse(Object(Illuminate\\Http\\Request), Object(Illuminate\\View\\View))
#12 /var/www/laravel/wit/vendor/laravel/framework/src/Illuminate/Routing/Router.php(721): Illuminate\\Routing\\Router->prepareResponse(Object(Illuminate\\Http\\Request), Object(Illuminate\\View\\View))
#13 /var/www/laravel/wit/vendor/laravel/framework/src/Illuminate/Pipeline/Pipeline.php(128): Illuminate\\Routing\\Router->Illuminate\\Routing\\{closure}(Object(Illuminate\\Http\\Request))
#14 /var/www/laravel/wit/vendor/laravel/framework/src/Illuminate/Routing/Middleware/SubstituteBindings.php(50): Illuminate\\Pipeline\\Pipeline->Illuminate\\Pipeline\\{closure}(Object(Illuminate\\Http\\Request))
#15 /var/www/laravel/wit/vendor/laravel/framework/src/Illuminate/Pipeline/Pipeline.php(167): Illuminate\\Routing\\Middleware\\SubstituteBindings->handle(Object(Illuminate\\Http\\Request), Object(Closure))
#16 /var/www/laravel/wit/vendor/laravel/framework/src/Illuminate/Auth/Middleware/Authenticate.php(44): Illuminate\\Pipeline\\Pipeline->Illuminate\\Pipeline\\{closure}(Object(Illuminate\\Http\\Request))
#17 /var/www/laravel/wit/vendor/laravel/framework/src/Illuminate/Pipeline/Pipeline.php(167): Illuminate\\Auth\\Middleware\\Authenticate->handle(Object(Illuminate\\Http\\Request), Object(Closure))
#18 /var/www/laravel/wit/vendor/laravel/framework/src/Illuminate/Foundation/Http/Middleware/VerifyCsrfToken.php(78): Illuminate\\Pipeline\\Pipeline->Illuminate\\Pipeline\\{closure}(Object(Illuminate\\Http\\Request))
#19 /var/www/laravel/wit/vendor/laravel/framework/src/Illuminate/Pipeline/Pipeline.php(167): Illuminate\\Foundation\\Http\\Middleware\\VerifyCsrfToken->handle(Object(Illuminate\\Http\\Request), Object(Closure))
#20 /var/www/laravel/wit/vendor/laravel/framework/src/Illuminate/View/Middleware/ShareErrorsFromSession.php(49): Illuminate\\Pipeline\\Pipeline->Illuminate\\Pipeline\\{closure}(Object(Illuminate\\Http\\Request))
#21 /var/www/laravel/wit/vendor/laravel/framework/src/Illuminate/Pipeline/Pipeline.php(167): Illuminate\\View\\Middleware\\ShareErrorsFromSession->handle(Object(Illuminate\\Http\\Request), Object(Closure))
#22 /var/www/laravel/wit/vendor/laravel/framework/src/Illuminate/Session/Middleware/StartSession.php(121): Illuminate\\Pipeline\\Pipeline->Illuminate\\Pipeline\\{closure}(Object(Illuminate\\Http\\Request))
#23 /var/www/laravel/wit/vendor/laravel/framework/src/Illuminate/Session/Middleware/StartSession.php(64): Illuminate\\Session\\Middleware\\StartSession->handleStatefulRequest(Object(Illuminate\\Http\\Request), Object(Illuminate\\Session\\Store), Object(Closure))
#24 /var/www/laravel/wit/vendor/laravel/framework/src/Illuminate/Pipeline/Pipeline.php(167): Illuminate\\Session\\Middleware\\StartSession->handle(Object(Illuminate\\Http\\Request), Object(Closure))
#25 /var/www/laravel/wit/vendor/laravel/framework/src/Illuminate/Cookie/Middleware/AddQueuedCookiesToResponse.php(37): Illuminate\\Pipeline\\Pipeline->Illuminate\\Pipeline\\{closure}(Object(Illuminate\\Http\\Request))
#26 /var/www/laravel/wit/vendor/laravel/framework/src/Illuminate/Pipeline/Pipeline.php(167): Illuminate\\Cookie\\Middleware\\AddQueuedCookiesToResponse->handle(Object(Illuminate\\Http\\Request), Object(Closure))
#27 /var/www/laravel/wit/vendor/laravel/framework/src/Illuminate/Cookie/Middleware/EncryptCookies.php(67): Illuminate\\Pipeline\\Pipeline->Illuminate\\Pipeline\\{closure}(Object(Illuminate\\Http\\Request))
#28 /var/www/laravel/wit/vendor/laravel/framework/src/Illuminate/Pipeline/Pipeline.php(167): Illuminate\\Cookie\\Middleware\\EncryptCookies->handle(Object(Illuminate\\Http\\Request), Object(Closure))
#29 /var/www/laravel/wit/vendor/laravel/framework/src/Illuminate/Pipeline/Pipeline.php(103): Illuminate\\Pipeline\\Pipeline->Illuminate\\Pipeline\\{closure}(Object(Illuminate\\Http\\Request))
#30 /var/www/laravel/wit/vendor/laravel/framework/src/Illuminate/Routing/Router.php(723): Illuminate\\Pipeline\\Pipeline->then(Object(Closure))
#31 /var/www/laravel/wit/vendor/laravel/framework/src/Illuminate/Routing/Router.php(698): Illuminate\\Routing\\Router->runRouteWithinStack(Object(Illuminate\\Routing\\Route), Object(Illuminate\\Http\\Request))
#32 /var/www/laravel/wit/vendor/laravel/framework/src/Illuminate/Routing/Router.php(662): Illuminate\\Routing\\Router->runRoute(Object(Illuminate\\Http\\Request), Object(Illuminate\\Routing\\Route))
#33 /var/www/laravel/wit/vendor/laravel/framework/src/Illuminate/Routing/Router.php(651): Illuminate\\Routing\\Router->dispatchToRoute(Object(Illuminate\\Http\\Request))
#34 /var/www/laravel/wit/vendor/laravel/framework/src/Illuminate/Foundation/Http/Kernel.php(167): Illuminate\\Routing\\Router->dispatch(Object(Illuminate\\Http\\Request))
#35 /var/www/laravel/wit/vendor/laravel/framework/src/Illuminate/Pipeline/Pipeline.php(128): Illuminate\\Foundation\\Http\\Kernel->Illuminate\\Foundation\\Http\\{closure}(Object(Illuminate\\Http\\Request))
#36 /var/www/laravel/wit/vendor/laravel/framework/src/Illuminate/Foundation/Http/Middleware/TransformsRequest.php(21): Illuminate\\Pipeline\\Pipeline->Illuminate\\Pipeline\\{closure}(Object(Illuminate\\Http\\Request))
#37 /var/www/laravel/wit/vendor/laravel/framework/src/Illuminate/Foundation/Http/Middleware/ConvertEmptyStringsToNull.php(31): Illuminate\\Foundation\\Http\\Middleware\\TransformsRequest->handle(Object(Illuminate\\Http\\Request), Object(Closure))
#38 /var/www/laravel/wit/vendor/laravel/framework/src/Illuminate/Pipeline/Pipeline.php(167): Illuminate\\Foundation\\Http\\Middleware\\ConvertEmptyStringsToNull->handle(Object(Illuminate\\Http\\Request), Object(Closure))
#39 /var/www/laravel/wit/vendor/laravel/framework/src/Illuminate/Foundation/Http/Middleware/TransformsRequest.php(21): Illuminate\\Pipeline\\Pipeline->Illuminate\\Pipeline\\{closure}(Object(Illuminate\\Http\\Request))
#40 /var/www/laravel/wit/vendor/laravel/framework/src/Illuminate/Foundation/Http/Middleware/TrimStrings.php(40): Illuminate\\Foundation\\Http\\Middleware\\TransformsRequest->handle(Object(Illuminate\\Http\\Request), Object(Closure))
#41 /var/www/laravel/wit/vendor/laravel/framework/src/Illuminate/Pipeline/Pipeline.php(167): Illuminate\\Foundation\\Http\\Middleware\\TrimStrings->handle(Object(Illuminate\\Http\\Request), Object(Closure))
#42 /var/www/laravel/wit/vendor/laravel/framework/src/Illuminate/Foundation/Http/Middleware/ValidatePostSize.php(27): Illuminate\\Pipeline\\Pipeline->Illuminate\\Pipeline\\{closure}(Object(Illuminate\\Http\\Request))
#43 /var/www/laravel/wit/vendor/laravel/framework/src/Illuminate/Pipeline/Pipeline.php(167): Illuminate\\Foundation\\Http\\Middleware\\ValidatePostSize->handle(Object(Illuminate\\Http\\Request), Object(Closure))
#44 /var/www/laravel/wit/vendor/laravel/framework/src/Illuminate/Foundation/Http/Middleware/PreventRequestsDuringMaintenance.php(86): Illuminate\\Pipeline\\Pipeline->Illuminate\\Pipeline\\{closure}(Object(Illuminate\\Http\\Request))
#45 /var/www/laravel/wit/vendor/laravel/framework/src/Illuminate/Pipeline/Pipeline.php(167): Illuminate\\Foundation\\Http\\Middleware\\PreventRequestsDuringMaintenance->handle(Object(Illuminate\\Http\\Request), Object(Closure))
#46 /var/www/laravel/wit/vendor/fruitcake/laravel-cors/src/HandleCors.php(38): Illuminate\\Pipeline\\Pipeline->Illuminate\\Pipeline\\{closure}(Object(Illuminate\\Http\\Request))
#47 /var/www/laravel/wit/vendor/laravel/framework/src/Illuminate/Pipeline/Pipeline.php(167): Fruitcake\\Cors\\HandleCors->handle(Object(Illuminate\\Http\\Request), Object(Closure))
#48 /var/www/laravel/wit/vendor/laravel/framework/src/Illuminate/Http/Middleware/TrustProxies.php(39): Illuminate\\Pipeline\\Pipeline->Illuminate\\Pipeline\\{closure}(Object(Illuminate\\Http\\Request))
#49 /var/www/laravel/wit/vendor/laravel/framework/src/Illuminate/Pipeline/Pipeline.php(167): Illuminate\\Http\\Middleware\\TrustProxies->handle(Object(Illuminate\\Http\\Request), Object(Closure))
#50 /var/www/laravel/wit/vendor/laravel/framework/src/Illuminate/Pipeline/Pipeline.php(103): Illuminate\\Pipeline\\Pipeline->Illuminate\\Pipeline\\{closure}(Object(Illuminate\\Http\\Request))
#51 /var/www/laravel/wit/vendor/laravel/framework/src/Illuminate/Foundation/Http/Kernel.php(142): Illuminate\\Pipeline\\Pipeline->then(Object(Closure))
#52 /var/www/laravel/wit/vendor/laravel/framework/src/Illuminate/Foundation/Http/Kernel.php(111): Illuminate\\Foundation\\Http\\Kernel->sendRequestThroughRouter(Object(Illuminate\\Http\\Request))
#53 /var/www/laravel/wit/public/index.php(52): Illuminate\\Foundation\\Http\\Kernel->handle(Object(Illuminate\\Http\\Request))
#54 {main}
"} 
